<?xml version="1.0" encoding="UTF-8"?>
<!-- Generated by org.testng.reporters.JUnitReportReporter -->
<testsuite hostname="QB-TP3-2925" failures="0" tests="1" name="com.paralleTest.Qburst" time="5.205" errors="0" timestamp="2023-04-04T21:25:58 IST" skipped="0">
  <testcase classname="com.paralleTest.Qburst" name="lauchBrowser" time="5.205"/>
  <system-out/>
</testsuite> <!-- com.paralleTest.Qburst -->
