<?xml version="1.0" encoding="UTF-8"?>
<!-- Generated by org.testng.reporters.JUnitReportReporter -->
<testsuite hostname="QB-TP3-2925" failures="0" tests="1" name="com.paralleTest.Tesla" time="4.625" errors="0" timestamp="2023-04-04T21:25:58 IST" skipped="0">
  <testcase classname="com.paralleTest.Tesla" name="lauchBrowser" time="4.625"/>
  <system-out/>
</testsuite> <!-- com.paralleTest.Tesla -->
